Flutter crash report; please file at https://github.com/flutter/flutter/issues.

## command

flutter --no-color packages get

## exception

YamlException: Error on line 14, column 1: Expected ':'.
   ╷
14 │ dev_dependencies:
   │ ^
   ╵

```
#0      Scanner._staleSimpleKeys (package:yaml/src/scanner.dart:491:9)
#1      Scanner._fetchMoreTokens (package:yaml/src/scanner.dart:325:9)
#2      Scanner.peek (package:yaml/src/scanner.dart:317:27)
#3      Parser._parseBlockMappingKey (package:yaml/src/parser.dart:418:26)
#4      Parser._stateMachine (package:yaml/src/parser.dart:86:16)
#5      Parser.parse (package:yaml/src/parser.dart:47:19)
#6      Loader._loadMapping (package:yaml/src/loader.dart:171:23)
#7      Loader._loadNode (package:yaml/src/loader.dart:86:16)
#8      Loader._loadMapping (package:yaml/src/loader.dart:165:19)
#9      Loader._loadNode (package:yaml/src/loader.dart:86:16)
#10     Loader._loadDocument (package:yaml/src/loader.dart:62:20)
#11     Loader.load (package:yaml/src/loader.dart:54:20)
#12     loadYamlDocument (package:yaml/yaml.dart:51:25)
#13     loadYamlNode (package:yaml/yaml.dart:42:5)
#14     loadYaml (package:yaml/yaml.dart:34:5)
#15     FlutterManifest.createFromString (package:flutter_tools/src/flutter_manifest.dart:38:28)
#16     FlutterManifest.createFromPath (package:flutter_tools/src/flutter_manifest.dart:32:12)
#17     FlutterProject._readManifest (package:flutter_tools/src/project.dart:167:54)
#18     FlutterProject.fromDirectory (package:flutter_tools/src/project.dart:45:38)
#19     FlutterProject.fromPath (package:flutter_tools/src/project.dart:60:50)
#20     PackagesGetCommand.usageValues (package:flutter_tools/src/commands/packages.dart:80:55)
<asynchronous suspension>
#21     FlutterCommand.verifyThenRunCommand (package:flutter_tools/src/runner/flutter_command.dart:484:63)
<asynchronous suspension>
#22     FlutterCommand.run.<anonymous closure> (package:flutter_tools/src/runner/flutter_command.dart:424:33)
<asynchronous suspension>
#23     AppContext.run.<anonymous closure> (package:flutter_tools/src/base/context.dart:153:29)
<asynchronous suspension>
#24     _rootRun (dart:async/zone.dart:1124:13)
#25     _CustomZone.run (dart:async/zone.dart:1021:19)
#26     _runZoned (dart:async/zone.dart:1516:10)
#27     runZoned (dart:async/zone.dart:1463:12)
#28     AppContext.run (package:flutter_tools/src/base/context.dart:152:18)
<asynchronous suspension>
#29     FlutterCommand.run (package:flutter_tools/src/runner/flutter_command.dart:415:20)
#30     CommandRunner.runCommand (package:args/command_runner.dart:197:27)
<asynchronous suspension>
#31     FlutterCommandRunner.runCommand.<anonymous closure> (package:flutter_tools/src/runner/flutter_command_runner.dart:396:21)
<asynchronous suspension>
#32     AppContext.run.<anonymous closure> (package:flutter_tools/src/base/context.dart:153:29)
<asynchronous suspension>
#33     _rootRun (dart:async/zone.dart:1124:13)
#34     _CustomZone.run (dart:async/zone.dart:1021:19)
#35     _runZoned (dart:async/zone.dart:1516:10)
#36     runZoned (dart:async/zone.dart:1463:12)
#37     AppContext.run (package:flutter_tools/src/base/context.dart:152:18)
<asynchronous suspension>
#38     FlutterCommandRunner.runCommand (package:flutter_tools/src/runner/flutter_command_runner.dart:356:19)
<asynchronous suspension>
#39     CommandRunner.run.<anonymous closure> (package:args/command_runner.dart:112:25)
#40     new Future.sync (dart:async/future.dart:224:31)
#41     CommandRunner.run (package:args/command_runner.dart:112:14)
#42     FlutterCommandRunner.run (package:flutter_tools/src/runner/flutter_command_runner.dart:242:18)
#43     run.<anonymous closure> (package:flutter_tools/runner.dart:60:20)
<asynchronous suspension>
#44     AppContext.run.<anonymous closure> (package:flutter_tools/src/base/context.dart:153:29)
<asynchronous suspension>
#45     _rootRun (dart:async/zone.dart:1124:13)
#46     _CustomZone.run (dart:async/zone.dart:1021:19)
#47     _runZoned (dart:async/zone.dart:1516:10)
#48     runZoned (dart:async/zone.dart:1463:12)
#49     AppContext.run (package:flutter_tools/src/base/context.dart:152:18)
<asynchronous suspension>
#50     runInContext (package:flutter_tools/src/context_runner.dart:55:24)
<asynchronous suspension>
#51     run (package:flutter_tools/runner.dart:51:10)
#52     main (package:flutter_tools/executable.dart:62:9)
<asynchronous suspension>
#53     main (file:///Users/elen/Downloads/flutter/packages/flutter_tools/bin/flutter_tools.dart:8:3)
#54     _startIsolate.<anonymous closure> (dart:isolate-patch/isolate_patch.dart:298:32)
#55     _RawReceivePortImpl._handleMessage (dart:isolate-patch/isolate_patch.dart:171:12)
```

## flutter doctor

```
[✓] Flutter (Channel master, v1.7.2-pre.12, on Mac OS X 10.14.2 18C54, locale zh-Hans-MY)
    • Flutter version 1.7.2-pre.12 at /Users/elen/Downloads/flutter
    • Framework revision 5948b3daca (8 days ago), 2019-06-04 17:49:15 -0700
    • Engine revision 86aa01442b
    • Dart version 2.3.2 (build 2.3.2-dev.0.0 b080e7c97a)

[✗] Android toolchain - develop for Android devices
    ✗ ANDROID_HOME = /usr/local/share/android-sdk
      but Android SDK not found at this location.

[✓] Xcode - develop for iOS and macOS (Xcode 10.1)
    • Xcode at /Applications/Xcode.app/Contents/Developer
    • Xcode 10.1, Build version 10B61
    • CocoaPods version 1.7.1

[✓] iOS tools - develop for iOS devices
    • ios-deploy 1.9.4

[✓] Android Studio (version 3.2)
    • Android Studio at /Applications/Android Studio.app/Contents
    • Flutter plugin version 31.3.1
    • Dart plugin version 181.5656
    • Java version OpenJDK Runtime Environment (build 1.8.0_152-release-1136-b06)

[✓] Connected device (3 available)
    • iPhone (3) • 7313dbcb2be78b5a61e1b378fcb1b9dd555d17d9 • ios • iOS 12.2
    • iPhone SE  • 9C71F9C5-73C7-4634-9301-1AFDC3275817     • ios • iOS 12.1 (simulator)
    • iPhone XR  • B6D899F3-4389-43F3-BA89-C04298B86238     • ios • iOS 12.1 (simulator)

! Doctor found issues in 1 category.
```
